<?xml version="1.0" encoding="UTF-8"?>
<testng-results ignored="0" total="2" passed="2" failed="0" skipped="0">
  <reporter-output>
  </reporter-output>
  <suite started-at="2022-04-10T23:48:39 CEST" name="Default suite" finished-at="2022-04-10T23:48:43 CEST" duration-ms="3535">
    <groups>
    </groups>
    <test started-at="2022-04-10T23:48:39 CEST" name="Default test" finished-at="2022-04-10T23:48:43 CEST" duration-ms="3535">
      <class name="test.GET_API_TEST">
        <test-method is-config="true" signature="setup()[pri:0, instance:test.GET_API_TEST@29d89d5d]" started-at="2022-04-10T23:48:39 CEST" name="setup" finished-at="2022-04-10T23:48:39 CEST" duration-ms="4" status="PASS">
          <reporter-output>
          </reporter-output>
        </test-method> <!-- setup -->
        <test-method signature="GET_CALL_TEST_200()[pri:1, instance:test.GET_API_TEST@29d89d5d]" started-at="2022-04-10T23:48:39 CEST" name="GET_CALL_TEST_200" finished-at="2022-04-10T23:48:41 CEST" duration-ms="2080" status="PASS">
          <reporter-output>
          </reporter-output>
        </test-method> <!-- GET_CALL_TEST_200 -->
        <test-method is-config="true" signature="setup()[pri:0, instance:test.GET_API_TEST@29d89d5d]" started-at="2022-04-10T23:48:41 CEST" name="setup" finished-at="2022-04-10T23:48:41 CEST" duration-ms="1" status="PASS">
          <reporter-output>
          </reporter-output>
        </test-method> <!-- setup -->
        <test-method signature="GET_CALL_TEST_404()[pri:2, instance:test.GET_API_TEST@29d89d5d]" started-at="2022-04-10T23:48:41 CEST" name="GET_CALL_TEST_404" finished-at="2022-04-10T23:48:43 CEST" duration-ms="1403" status="PASS">
          <reporter-output>
          </reporter-output>
        </test-method> <!-- GET_CALL_TEST_404 -->
      </class> <!-- test.GET_API_TEST -->
    </test> <!-- Default test -->
  </suite> <!-- Default suite -->
</testng-results>
